{"C:\\Users\\Caroline\\Desktop\\practica02\\backend\\app.js": {"path":"C:\\Users\\Caroline\\Desktop\\practica02\\backend\\app.js","statementMap":{"0":{"start":{"line":1,"column":0},"end":{"line":1,"column":27}},"1":{"start":{"line":2,"column":16},"end":{"line":2,"column":34}},"2":{"start":{"line":3,"column":18},"end":{"line":3,"column":33}},"3":{"start":{"line":4,"column":13},"end":{"line":4,"column":28}},"4":{"start":{"line":5,"column":22},"end":{"line":5,"column":55}},"5":{"start":{"line":6,"column":21},"end":{"line":6,"column":53}},"6":{"start":{"line":7,"column":29},"end":{"line":7,"column":70}},"7":{"start":{"line":8,"column":36},"end":{"line":8,"column":85}},"8":{"start":{"line":10,"column":12},"end":{"line":10,"column":21}},"9":{"start":{"line":12,"column":0},"end":{"line":12,"column":12}},"10":{"start":{"line":14,"column":0},"end":{"line":14,"column":32}},"11":{"start":{"line":16,"column":0},"end":{"line":16,"column":24}},"12":{"start":{"line":18,"column":0},"end":{"line":18,"column":43}},"13":{"start":{"line":19,"column":0},"end":{"line":19,"column":40}},"14":{"start":{"line":20,"column":0},"end":{"line":20,"column":57}},"15":{"start":{"line":21,"column":0},"end":{"line":21,"column":72}},"16":{"start":{"line":22,"column":0},"end":{"line":22,"column":20}},"17":{"start":{"line":24,"column":13},"end":{"line":24,"column":29}},"18":{"start":{"line":25,"column":0},"end":{"line":27,"column":3}},"19":{"start":{"line":26,"column":4},"end":{"line":26,"column":61}}},"fnMap":{"0":{"name":"(anonymous_0)","decl":{"start":{"line":25,"column":17},"end":{"line":25,"column":18}},"loc":{"start":{"line":25,"column":23},"end":{"line":27,"column":1}},"line":25}},"branchMap":{},"s":{"0":1,"1":1,"2":1,"3":1,"4":1,"5":1,"6":1,"7":1,"8":1,"9":1,"10":1,"11":1,"12":1,"13":1,"14":1,"15":1,"16":1,"17":1,"18":1,"19":1},"f":{"0":1},"b":{},"_coverageSchema":"1a1c01bbd47fc00a2c39e90264f33305004495a9","hash":"f28a16d2438f6e3d6acf4e454aa20cb6c0655dca"}
,"C:\\Users\\Caroline\\Desktop\\practica02\\backend\\controllers\\client.controller.js": {"path":"C:\\Users\\Caroline\\Desktop\\practica02\\backend\\controllers\\client.controller.js","statementMap":{"0":{"start":{"line":1,"column":15},"end":{"line":1,"column":49}},"1":{"start":{"line":3,"column":19},"end":{"line":51,"column":1}},"2":{"start":{"line":4,"column":18},"end":{"line":49,"column":4}},"3":{"start":{"line":50,"column":2},"end":{"line":50,"column":69}},"4":{"start":{"line":53,"column":21},"end":{"line":73,"column":1}},"5":{"start":{"line":54,"column":2},"end":{"line":72,"column":3}},"6":{"start":{"line":55,"column":22},"end":{"line":55,"column":42}},"7":{"start":{"line":56,"column":24},"end":{"line":56,"column":46}},"8":{"start":{"line":58,"column":4},"end":{"line":69,"column":9}},"9":{"start":{"line":61,"column":8},"end":{"line":61,"column":32}},"10":{"start":{"line":62,"column":8},"end":{"line":62,"column":51}},"11":{"start":{"line":65,"column":8},"end":{"line":65,"column":27}},"12":{"start":{"line":66,"column":8},"end":{"line":68,"column":71}},"13":{"start":{"line":71,"column":4},"end":{"line":71,"column":64}},"14":{"start":{"line":75,"column":0},"end":{"line":78,"column":2}}},"fnMap":{"0":{"name":"(anonymous_0)","decl":{"start":{"line":3,"column":19},"end":{"line":3,"column":20}},"loc":{"start":{"line":3,"column":39},"end":{"line":51,"column":1}},"line":3},"1":{"name":"(anonymous_1)","decl":{"start":{"line":53,"column":21},"end":{"line":53,"column":22}},"loc":{"start":{"line":53,"column":41},"end":{"line":73,"column":1}},"line":53},"2":{"name":"(anonymous_2)","decl":{"start":{"line":60,"column":12},"end":{"line":60,"column":13}},"loc":{"start":{"line":60,"column":24},"end":{"line":63,"column":7}},"line":60},"3":{"name":"(anonymous_3)","decl":{"start":{"line":64,"column":13},"end":{"line":64,"column":14}},"loc":{"start":{"line":64,"column":22},"end":{"line":69,"column":7}},"line":64}},"branchMap":{},"s":{"0":1,"1":1,"2":2,"3":2,"4":1,"5":2,"6":2,"7":2,"8":2,"9":2,"10":2,"11":0,"12":0,"13":0,"14":1},"f":{"0":2,"1":2,"2":2,"3":0},"b":{},"_coverageSchema":"1a1c01bbd47fc00a2c39e90264f33305004495a9","hash":"f383ff116c650b9ed8d8e73cce7820fffb342d80"}
,"C:\\Users\\Caroline\\Desktop\\practica02\\backend\\controllers\\commercial_order_detail.controllers.js": {"path":"C:\\Users\\Caroline\\Desktop\\practica02\\backend\\controllers\\commercial_order_detail.controllers.js","statementMap":{"0":{"start":{"line":1,"column":30},"end":{"line":1,"column":80}},"1":{"start":{"line":2,"column":33},"end":{"line":2,"column":61}},"2":{"start":{"line":4,"column":33},"end":{"line":74,"column":1}},"3":{"start":{"line":5,"column":33},"end":{"line":66,"column":4}},"4":{"start":{"line":67,"column":2},"end":{"line":73,"column":7}},"5":{"start":{"line":76,"column":36},"end":{"line":90,"column":1}},"6":{"start":{"line":77,"column":2},"end":{"line":89,"column":3}},"7":{"start":{"line":78,"column":37},"end":{"line":78,"column":72}},"8":{"start":{"line":80,"column":4},"end":{"line":86,"column":40}},"9":{"start":{"line":83,"column":8},"end":{"line":83,"column":47}},"10":{"start":{"line":84,"column":8},"end":{"line":84,"column":66}},"11":{"start":{"line":86,"column":22},"end":{"line":86,"column":38}},"12":{"start":{"line":88,"column":4},"end":{"line":88,"column":64}},"13":{"start":{"line":92,"column":0},"end":{"line":95,"column":2}}},"fnMap":{"0":{"name":"(anonymous_0)","decl":{"start":{"line":4,"column":33},"end":{"line":4,"column":34}},"loc":{"start":{"line":4,"column":53},"end":{"line":74,"column":1}},"line":4},"1":{"name":"(anonymous_1)","decl":{"start":{"line":76,"column":36},"end":{"line":76,"column":37}},"loc":{"start":{"line":76,"column":50},"end":{"line":90,"column":1}},"line":76},"2":{"name":"(anonymous_2)","decl":{"start":{"line":82,"column":12},"end":{"line":82,"column":13}},"loc":{"start":{"line":82,"column":39},"end":{"line":85,"column":7}},"line":82},"3":{"name":"(anonymous_3)","decl":{"start":{"line":86,"column":13},"end":{"line":86,"column":14}},"loc":{"start":{"line":86,"column":22},"end":{"line":86,"column":38}},"line":86}},"branchMap":{},"s":{"0":1,"1":1,"2":1,"3":0,"4":0,"5":1,"6":0,"7":0,"8":0,"9":0,"10":0,"11":0,"12":0,"13":1},"f":{"0":0,"1":0,"2":0,"3":0},"b":{},"_coverageSchema":"1a1c01bbd47fc00a2c39e90264f33305004495a9","hash":"063444d3d656613e48e0456f467a497af95ed105"}
,"C:\\Users\\Caroline\\Desktop\\practica02\\backend\\controllers\\product.controller.js": {"path":"C:\\Users\\Caroline\\Desktop\\practica02\\backend\\controllers\\product.controller.js","statementMap":{"0":{"start":{"line":1,"column":16},"end":{"line":1,"column":50}},"1":{"start":{"line":2,"column":33},"end":{"line":2,"column":61}},"2":{"start":{"line":5,"column":20},"end":{"line":68,"column":1}},"3":{"start":{"line":6,"column":19},"end":{"line":65,"column":4}},"4":{"start":{"line":66,"column":2},"end":{"line":66,"column":71}},"5":{"start":{"line":70,"column":22},"end":{"line":92,"column":1}},"6":{"start":{"line":71,"column":2},"end":{"line":91,"column":3}},"7":{"start":{"line":74,"column":23},"end":{"line":74,"column":44}},"8":{"start":{"line":77,"column":4},"end":{"line":88,"column":9}},"9":{"start":{"line":80,"column":8},"end":{"line":80,"column":33}},"10":{"start":{"line":81,"column":8},"end":{"line":81,"column":52}},"11":{"start":{"line":84,"column":8},"end":{"line":84,"column":27}},"12":{"start":{"line":85,"column":8},"end":{"line":87,"column":72}},"13":{"start":{"line":90,"column":4},"end":{"line":90,"column":64}},"14":{"start":{"line":95,"column":0},"end":{"line":98,"column":2}}},"fnMap":{"0":{"name":"(anonymous_0)","decl":{"start":{"line":5,"column":20},"end":{"line":5,"column":21}},"loc":{"start":{"line":5,"column":40},"end":{"line":68,"column":1}},"line":5},"1":{"name":"(anonymous_1)","decl":{"start":{"line":70,"column":22},"end":{"line":70,"column":23}},"loc":{"start":{"line":70,"column":36},"end":{"line":92,"column":1}},"line":70},"2":{"name":"(anonymous_2)","decl":{"start":{"line":79,"column":12},"end":{"line":79,"column":13}},"loc":{"start":{"line":79,"column":25},"end":{"line":82,"column":7}},"line":79},"3":{"name":"(anonymous_3)","decl":{"start":{"line":83,"column":13},"end":{"line":83,"column":14}},"loc":{"start":{"line":83,"column":22},"end":{"line":88,"column":7}},"line":83}},"branchMap":{},"s":{"0":1,"1":1,"2":1,"3":0,"4":0,"5":1,"6":0,"7":0,"8":0,"9":0,"10":0,"11":0,"12":0,"13":0,"14":1},"f":{"0":0,"1":0,"2":0,"3":0},"b":{},"_coverageSchema":"1a1c01bbd47fc00a2c39e90264f33305004495a9","hash":"6442efd6dacc45f7cda2cd448741a187f472567b"}
,"C:\\Users\\Caroline\\Desktop\\practica02\\backend\\controllers\\supply_required.controller.js": {"path":"C:\\Users\\Caroline\\Desktop\\practica02\\backend\\controllers\\supply_required.controller.js","statementMap":{"0":{"start":{"line":1,"column":23},"end":{"line":1,"column":65}},"1":{"start":{"line":3,"column":26},"end":{"line":62,"column":1}},"2":{"start":{"line":4,"column":19},"end":{"line":60,"column":4}},"3":{"start":{"line":61,"column":2},"end":{"line":61,"column":71}},"4":{"start":{"line":64,"column":29},"end":{"line":78,"column":1}},"5":{"start":{"line":65,"column":2},"end":{"line":77,"column":3}},"6":{"start":{"line":66,"column":30},"end":{"line":66,"column":58}},"7":{"start":{"line":68,"column":4},"end":{"line":74,"column":40}},"8":{"start":{"line":71,"column":8},"end":{"line":71,"column":40}},"9":{"start":{"line":72,"column":8},"end":{"line":72,"column":59}},"10":{"start":{"line":74,"column":22},"end":{"line":74,"column":38}},"11":{"start":{"line":76,"column":4},"end":{"line":76,"column":64}},"12":{"start":{"line":80,"column":0},"end":{"line":83,"column":2}}},"fnMap":{"0":{"name":"(anonymous_0)","decl":{"start":{"line":3,"column":26},"end":{"line":3,"column":27}},"loc":{"start":{"line":3,"column":46},"end":{"line":62,"column":1}},"line":3},"1":{"name":"(anonymous_1)","decl":{"start":{"line":64,"column":29},"end":{"line":64,"column":30}},"loc":{"start":{"line":64,"column":43},"end":{"line":78,"column":1}},"line":64},"2":{"name":"(anonymous_2)","decl":{"start":{"line":70,"column":12},"end":{"line":70,"column":13}},"loc":{"start":{"line":70,"column":32},"end":{"line":73,"column":7}},"line":70},"3":{"name":"(anonymous_3)","decl":{"start":{"line":74,"column":13},"end":{"line":74,"column":14}},"loc":{"start":{"line":74,"column":22},"end":{"line":74,"column":38}},"line":74}},"branchMap":{},"s":{"0":1,"1":1,"2":0,"3":0,"4":1,"5":0,"6":0,"7":0,"8":0,"9":0,"10":0,"11":0,"12":1},"f":{"0":0,"1":0,"2":0,"3":0},"b":{},"_coverageSchema":"1a1c01bbd47fc00a2c39e90264f33305004495a9","hash":"b55804d34a8fc0d980c8fa951e361a3912a4a4fc"}
,"C:\\Users\\Caroline\\Desktop\\practica02\\backend\\db\\index.js": {"path":"C:\\Users\\Caroline\\Desktop\\practica02\\backend\\db\\index.js","statementMap":{"0":{"start":{"line":1,"column":17},"end":{"line":1,"column":36}},"1":{"start":{"line":3,"column":18},"end":{"line":10,"column":1}},"2":{"start":{"line":4,"column":2},"end":{"line":9,"column":38}},"3":{"start":{"line":7,"column":6},"end":{"line":7,"column":46}},"4":{"start":{"line":9,"column":20},"end":{"line":9,"column":36}},"5":{"start":{"line":12,"column":0},"end":{"line":12,"column":27}}},"fnMap":{"0":{"name":"(anonymous_0)","decl":{"start":{"line":3,"column":18},"end":{"line":3,"column":19}},"loc":{"start":{"line":3,"column":24},"end":{"line":10,"column":1}},"line":3},"1":{"name":"(anonymous_1)","decl":{"start":{"line":6,"column":10},"end":{"line":6,"column":11}},"loc":{"start":{"line":6,"column":16},"end":{"line":8,"column":5}},"line":6},"2":{"name":"(anonymous_2)","decl":{"start":{"line":9,"column":11},"end":{"line":9,"column":12}},"loc":{"start":{"line":9,"column":20},"end":{"line":9,"column":36}},"line":9}},"branchMap":{},"s":{"0":1,"1":1,"2":1,"3":1,"4":0,"5":1},"f":{"0":1,"1":1,"2":0},"b":{},"_coverageSchema":"1a1c01bbd47fc00a2c39e90264f33305004495a9","hash":"3403036fc6891033cffb741345d771a251d8c21c"}
,"C:\\Users\\Caroline\\Desktop\\practica02\\backend\\models\\cliente.model.js": {"path":"C:\\Users\\Caroline\\Desktop\\practica02\\backend\\models\\cliente.model.js","statementMap":{"0":{"start":{"line":1,"column":17},"end":{"line":1,"column":36}},"1":{"start":{"line":3,"column":21},"end":{"line":13,"column":1}},"2":{"start":{"line":15,"column":15},"end":{"line":15,"column":53}},"3":{"start":{"line":17,"column":0},"end":{"line":17,"column":24}}},"fnMap":{},"branchMap":{},"s":{"0":1,"1":1,"2":1,"3":1},"f":{},"b":{},"_coverageSchema":"1a1c01bbd47fc00a2c39e90264f33305004495a9","hash":"2c2fc48010e0ea61dcbbe03206d88d476bd7115b"}
,"C:\\Users\\Caroline\\Desktop\\practica02\\backend\\models\\commercial_order_detail.model.js": {"path":"C:\\Users\\Caroline\\Desktop\\practica02\\backend\\models\\commercial_order_detail.model.js","statementMap":{"0":{"start":{"line":1,"column":17},"end":{"line":1,"column":36}},"1":{"start":{"line":3,"column":36},"end":{"line":21,"column":1}},"2":{"start":{"line":23,"column":30},"end":{"line":26,"column":1}},"3":{"start":{"line":28,"column":0},"end":{"line":28,"column":39}}},"fnMap":{},"branchMap":{},"s":{"0":1,"1":1,"2":1,"3":1},"f":{},"b":{},"_coverageSchema":"1a1c01bbd47fc00a2c39e90264f33305004495a9","hash":"00219d4c598bc258da0094933d0e88554f8e0418"}
,"C:\\Users\\Caroline\\Desktop\\practica02\\backend\\models\\product.model.js": {"path":"C:\\Users\\Caroline\\Desktop\\practica02\\backend\\models\\product.model.js","statementMap":{"0":{"start":{"line":1,"column":17},"end":{"line":1,"column":36}},"1":{"start":{"line":3,"column":22},"end":{"line":18,"column":1}},"2":{"start":{"line":20,"column":16},"end":{"line":20,"column":56}},"3":{"start":{"line":22,"column":0},"end":{"line":22,"column":25}}},"fnMap":{},"branchMap":{},"s":{"0":1,"1":1,"2":1,"3":1},"f":{},"b":{},"_coverageSchema":"1a1c01bbd47fc00a2c39e90264f33305004495a9","hash":"180e5d89abfea12cff6022c931b3b23a8feaf919"}
,"C:\\Users\\Caroline\\Desktop\\practica02\\backend\\models\\supply_required.model.js": {"path":"C:\\Users\\Caroline\\Desktop\\practica02\\backend\\models\\supply_required.model.js","statementMap":{"0":{"start":{"line":1,"column":17},"end":{"line":1,"column":36}},"1":{"start":{"line":3,"column":29},"end":{"line":17,"column":1}},"2":{"start":{"line":19,"column":23},"end":{"line":19,"column":77}},"3":{"start":{"line":21,"column":0},"end":{"line":21,"column":32}}},"fnMap":{},"branchMap":{},"s":{"0":1,"1":1,"2":1,"3":1},"f":{},"b":{},"_coverageSchema":"1a1c01bbd47fc00a2c39e90264f33305004495a9","hash":"fadf894221f92f1327ea99b5e6d613724b82f6b0"}
,"C:\\Users\\Caroline\\Desktop\\practica02\\backend\\routes\\client.route.js": {"path":"C:\\Users\\Caroline\\Desktop\\practica02\\backend\\routes\\client.route.js","statementMap":{"0":{"start":{"line":1,"column":16},"end":{"line":1,"column":34}},"1":{"start":{"line":2,"column":15},"end":{"line":2,"column":31}},"2":{"start":{"line":3,"column":25},"end":{"line":3,"column":68}},"3":{"start":{"line":5,"column":0},"end":{"line":5,"column":48}},"4":{"start":{"line":7,"column":0},"end":{"line":7,"column":45}},"5":{"start":{"line":9,"column":0},"end":{"line":9,"column":24}}},"fnMap":{},"branchMap":{},"s":{"0":1,"1":1,"2":1,"3":1,"4":1,"5":1},"f":{},"b":{},"_coverageSchema":"1a1c01bbd47fc00a2c39e90264f33305004495a9","hash":"38c4c34be1def708bbacbb3abf9324a77e0e19c8"}
,"C:\\Users\\Caroline\\Desktop\\practica02\\backend\\routes\\commercial_order_detail.route.js": {"path":"C:\\Users\\Caroline\\Desktop\\practica02\\backend\\routes\\commercial_order_detail.route.js","statementMap":{"0":{"start":{"line":1,"column":16},"end":{"line":1,"column":34}},"1":{"start":{"line":2,"column":15},"end":{"line":2,"column":31}},"2":{"start":{"line":3,"column":40},"end":{"line":3,"column":101}},"3":{"start":{"line":5,"column":0},"end":{"line":5,"column":78}},"4":{"start":{"line":7,"column":0},"end":{"line":7,"column":74}},"5":{"start":{"line":9,"column":0},"end":{"line":9,"column":24}}},"fnMap":{},"branchMap":{},"s":{"0":1,"1":1,"2":1,"3":1,"4":1,"5":1},"f":{},"b":{},"_coverageSchema":"1a1c01bbd47fc00a2c39e90264f33305004495a9","hash":"89632ca74afe44ba9e1dad3d3355e06db5b72405"}
,"C:\\Users\\Caroline\\Desktop\\practica02\\backend\\routes\\product.route.js": {"path":"C:\\Users\\Caroline\\Desktop\\practica02\\backend\\routes\\product.route.js","statementMap":{"0":{"start":{"line":1,"column":16},"end":{"line":1,"column":34}},"1":{"start":{"line":2,"column":15},"end":{"line":2,"column":31}},"2":{"start":{"line":3,"column":26},"end":{"line":3,"column":70}},"3":{"start":{"line":5,"column":0},"end":{"line":5,"column":50}},"4":{"start":{"line":7,"column":0},"end":{"line":7,"column":47}},"5":{"start":{"line":9,"column":0},"end":{"line":9,"column":24}}},"fnMap":{},"branchMap":{},"s":{"0":1,"1":1,"2":1,"3":1,"4":1,"5":1},"f":{},"b":{},"_coverageSchema":"1a1c01bbd47fc00a2c39e90264f33305004495a9","hash":"68c036a2d659a20c2723fe09ccd9724327fa5192"}
,"C:\\Users\\Caroline\\Desktop\\practica02\\backend\\routes\\supply_required.route.js": {"path":"C:\\Users\\Caroline\\Desktop\\practica02\\backend\\routes\\supply_required.route.js","statementMap":{"0":{"start":{"line":1,"column":16},"end":{"line":1,"column":34}},"1":{"start":{"line":2,"column":15},"end":{"line":2,"column":31}},"2":{"start":{"line":3,"column":33},"end":{"line":3,"column":85}},"3":{"start":{"line":5,"column":0},"end":{"line":5,"column":64}},"4":{"start":{"line":7,"column":0},"end":{"line":7,"column":60}},"5":{"start":{"line":9,"column":0},"end":{"line":9,"column":24}}},"fnMap":{},"branchMap":{},"s":{"0":1,"1":1,"2":1,"3":1,"4":1,"5":1},"f":{},"b":{},"_coverageSchema":"1a1c01bbd47fc00a2c39e90264f33305004495a9","hash":"490cf798710afdaddfebf99d7561296b84266ed3"}
,"C:\\Users\\Caroline\\Desktop\\practica02\\backend\\utils\\products.js": {"path":"C:\\Users\\Caroline\\Desktop\\practica02\\backend\\utils\\products.js","statementMap":{"0":{"start":{"line":1,"column":16},"end":{"line":1,"column":50}},"1":{"start":{"line":4,"column":25},"end":{"line":14,"column":3}},"2":{"start":{"line":16,"column":2},"end":{"line":20,"column":3}},"3":{"start":{"line":17,"column":4},"end":{"line":19,"column":5}},"4":{"start":{"line":18,"column":6},"end":{"line":18,"column":74}},"5":{"start":{"line":23,"column":21},"end":{"line":23,"column":38}},"6":{"start":{"line":25,"column":2},"end":{"line":25,"column":20}},"7":{"start":{"line":28,"column":0},"end":{"line":30,"column":2}}},"fnMap":{"0":{"name":"createProductFactory","decl":{"start":{"line":3,"column":9},"end":{"line":3,"column":29}},"loc":{"start":{"line":3,"column":36},"end":{"line":26,"column":1}},"line":3}},"branchMap":{"0":{"loc":{"start":{"line":17,"column":4},"end":{"line":19,"column":5}},"type":"if","locations":[{"start":{"line":17,"column":4},"end":{"line":19,"column":5}},{"start":{},"end":{}}],"line":17}},"s":{"0":1,"1":0,"2":0,"3":0,"4":0,"5":0,"6":0,"7":1},"f":{"0":0},"b":{"0":[0,0]},"_coverageSchema":"1a1c01bbd47fc00a2c39e90264f33305004495a9","hash":"52e2d94f5cad7fcf903bd9d096c4eed20e53a2e9"}
}
